TN:
SF:./public/js/bank.js
FNF:0
FNH:0
DA:1,1
LF:1
LH:1
BRF:0
BRH:0
end_of_record
TN:
SF:./public/js/lizardKingController.js
FN:3,(anonymous_1)
FN:7,(anonymous_2)
FN:12,(anonymous_3)
FN:21,(anonymous_4)
FN:26,(anonymous_5)
FN:31,(anonymous_6)
FN:35,(anonymous_7)
FN:39,(anonymous_8)
FN:44,(anonymous_9)
FNF:9
FNH:7
FNDA:5,(anonymous_1)
FNDA:14,(anonymous_2)
FNDA:7,(anonymous_3)
FNDA:7,(anonymous_4)
FNDA:7,(anonymous_5)
FNDA:3,(anonymous_6)
FNDA:2,(anonymous_7)
FNDA:0,(anonymous_8)
FNDA:0,(anonymous_9)
DA:1,1
DA:3,1
DA:5,5
DA:7,5
DA:8,14
DA:9,14
DA:12,5
DA:13,7
DA:14,7
DA:16,7
DA:17,1
DA:21,5
DA:22,7
DA:23,7
DA:26,5
DA:27,7
DA:28,7
DA:31,5
DA:32,3
DA:35,5
DA:36,2
DA:39,5
DA:40,0
DA:41,0
DA:44,5
DA:45,0
DA:46,0
DA:49,5
LF:28
LH:24
BRDA:16,1,0,1
BRDA:16,1,1,6
BRF:2
BRH:2
end_of_record
